[debug] [2022-06-17T21:00:43.829Z] ----------------------------------------------------------------------
[debug] [2022-06-17T21:00:43.833Z] Command:       C:\Program Files\nodejs\node.exe C:\Users\utente\AppData\Roaming\npm\node_modules\firebase-tools\lib\bin\firebase.js deploy
[debug] [2022-06-17T21:00:43.833Z] CLI Version:   11.1.0
[debug] [2022-06-17T21:00:43.834Z] Platform:      win32
[debug] [2022-06-17T21:00:43.834Z] Node Version:  v16.15.1
[debug] [2022-06-17T21:00:43.837Z] Time:          Fri Jun 17 2022 23:00:43 GMT+0200 (Eastern European Standard Time)
[debug] [2022-06-17T21:00:43.837Z] ----------------------------------------------------------------------
[debug] 
[debug] [2022-06-17T21:00:43.965Z] > command requires scopes: ["email","openid","https://www.googleapis.com/auth/cloudplatformprojects.readonly","https://www.googleapis.com/auth/firebase","https://www.googleapis.com/auth/cloud-platform"]
[debug] [2022-06-17T21:00:43.966Z] > authorizing via signed-in user (eslamicoo3@gmail.com)
[debug] [2022-06-17T21:00:43.966Z] [iam] checking project eslam-ashraf-portfolio for permissions ["firebase.projects.get","firebasehosting.sites.update"]
[debug] [2022-06-17T21:00:43.970Z] >>> [apiv2][query] POST https://cloudresourcemanager.googleapis.com/v1/projects/eslam-ashraf-portfolio:testIamPermissions [none]
[debug] [2022-06-17T21:00:43.971Z] >>> [apiv2][body] POST https://cloudresourcemanager.googleapis.com/v1/projects/eslam-ashraf-portfolio:testIamPermissions {"permissions":["firebase.projects.get","firebasehosting.sites.update"]}
[debug] [2022-06-17T21:00:45.098Z] <<< [apiv2][status] POST https://cloudresourcemanager.googleapis.com/v1/projects/eslam-ashraf-portfolio:testIamPermissions 200
[debug] [2022-06-17T21:00:45.098Z] <<< [apiv2][body] POST https://cloudresourcemanager.googleapis.com/v1/projects/eslam-ashraf-portfolio:testIamPermissions {"permissions":["firebase.projects.get","firebasehosting.sites.update"]}
[debug] [2022-06-17T21:00:45.100Z] >>> [apiv2][query] GET https://firebase.googleapis.com/v1beta1/projects/eslam-ashraf-portfolio [none]
[debug] [2022-06-17T21:00:45.595Z] <<< [apiv2][status] GET https://firebase.googleapis.com/v1beta1/projects/eslam-ashraf-portfolio 200
[debug] [2022-06-17T21:00:45.596Z] <<< [apiv2][body] GET https://firebase.googleapis.com/v1beta1/projects/eslam-ashraf-portfolio {"projectId":"eslam-ashraf-portfolio","projectNumber":"55737942246","displayName":"Eslam Ashraf Portfolio","name":"projects/eslam-ashraf-portfolio","resources":{"hostingSite":"eslam-ashraf-portfolio"},"state":"ACTIVE"}
[info] 
[info] === Deploying to 'eslam-ashraf-portfolio'...
[info] 
[info] i  deploying hosting 
[debug] [2022-06-17T21:00:45.608Z] >>> [apiv2][query] GET https://firebase.googleapis.com/v1beta1/projects/eslam-ashraf-portfolio [none]
[debug] [2022-06-17T21:00:46.211Z] <<< [apiv2][status] GET https://firebase.googleapis.com/v1beta1/projects/eslam-ashraf-portfolio 200
[debug] [2022-06-17T21:00:46.211Z] <<< [apiv2][body] GET https://firebase.googleapis.com/v1beta1/projects/eslam-ashraf-portfolio {"projectId":"eslam-ashraf-portfolio","projectNumber":"55737942246","displayName":"Eslam Ashraf Portfolio","name":"projects/eslam-ashraf-portfolio","resources":{"hostingSite":"eslam-ashraf-portfolio"},"state":"ACTIVE"}
[debug] [2022-06-17T21:00:46.215Z] >>> [apiv2][query] POST https://firebasehosting.googleapis.com/v1beta1/projects/55737942246/sites/eslam-ashraf-portfolio/versions [none]
[debug] [2022-06-17T21:00:46.216Z] >>> [apiv2][body] POST https://firebasehosting.googleapis.com/v1beta1/projects/55737942246/sites/eslam-ashraf-portfolio/versions {"config":{"rewrites":[{"glob":"**","path":"/index.html"}]},"labels":{"deployment-tool":"cli-firebase"}}
[debug] [2022-06-17T21:00:47.541Z] <<< [apiv2][status] POST https://firebasehosting.googleapis.com/v1beta1/projects/55737942246/sites/eslam-ashraf-portfolio/versions 500
[debug] [2022-06-17T21:00:47.542Z] <<< [apiv2][body] POST https://firebasehosting.googleapis.com/v1beta1/projects/55737942246/sites/eslam-ashraf-portfolio/versions {"error":{"code":500,"message":"Internal error encountered.","status":"INTERNAL"}}
[error] 
[error] Error: HTTP Error: 500, Internal error encountered.
[debug] [2022-06-17T21:00:47.844Z] Error Context: {
  "body": {
    "error": {
      "code": 500,
      "message": "Internal error encountered.",
      "status": "INTERNAL"
    }
  },
  "response": {
    "statusCode": 500
  }
}
[debug] [2022-06-17T21:03:23.525Z] ----------------------------------------------------------------------
[debug] [2022-06-17T21:03:23.528Z] Command:       C:\Program Files\nodejs\node.exe C:\Users\utente\AppData\Roaming\npm\node_modules\firebase-tools\lib\bin\firebase.js deploy
[debug] [2022-06-17T21:03:23.529Z] CLI Version:   11.1.0
[debug] [2022-06-17T21:03:23.530Z] Platform:      win32
[debug] [2022-06-17T21:03:23.530Z] Node Version:  v16.15.1
[debug] [2022-06-17T21:03:23.532Z] Time:          Fri Jun 17 2022 23:03:23 GMT+0200 (Eastern European Standard Time)
[debug] [2022-06-17T21:03:23.533Z] ----------------------------------------------------------------------
[debug] 
[debug] [2022-06-17T21:03:23.654Z] > command requires scopes: ["email","openid","https://www.googleapis.com/auth/cloudplatformprojects.readonly","https://www.googleapis.com/auth/firebase","https://www.googleapis.com/auth/cloud-platform"]
[debug] [2022-06-17T21:03:23.655Z] > authorizing via signed-in user (eslamicoo3@gmail.com)
[debug] [2022-06-17T21:03:23.655Z] [iam] checking project eslam-ashraf-portfolio for permissions ["firebase.projects.get","firebasehosting.sites.update"]
[debug] [2022-06-17T21:03:23.659Z] >>> [apiv2][query] POST https://cloudresourcemanager.googleapis.com/v1/projects/eslam-ashraf-portfolio:testIamPermissions [none]
[debug] [2022-06-17T21:03:23.660Z] >>> [apiv2][body] POST https://cloudresourcemanager.googleapis.com/v1/projects/eslam-ashraf-portfolio:testIamPermissions {"permissions":["firebase.projects.get","firebasehosting.sites.update"]}
[debug] [2022-06-17T21:03:24.741Z] <<< [apiv2][status] POST https://cloudresourcemanager.googleapis.com/v1/projects/eslam-ashraf-portfolio:testIamPermissions 200
[debug] [2022-06-17T21:03:24.741Z] <<< [apiv2][body] POST https://cloudresourcemanager.googleapis.com/v1/projects/eslam-ashraf-portfolio:testIamPermissions {"permissions":["firebase.projects.get","firebasehosting.sites.update"]}
[debug] [2022-06-17T21:03:24.743Z] >>> [apiv2][query] GET https://firebase.googleapis.com/v1beta1/projects/eslam-ashraf-portfolio [none]
[debug] [2022-06-17T21:03:25.240Z] <<< [apiv2][status] GET https://firebase.googleapis.com/v1beta1/projects/eslam-ashraf-portfolio 200
[debug] [2022-06-17T21:03:25.240Z] <<< [apiv2][body] GET https://firebase.googleapis.com/v1beta1/projects/eslam-ashraf-portfolio {"projectId":"eslam-ashraf-portfolio","projectNumber":"55737942246","displayName":"Eslam Ashraf Portfolio","name":"projects/eslam-ashraf-portfolio","resources":{"hostingSite":"eslam-ashraf-portfolio"},"state":"ACTIVE"}
[info] 
[info] === Deploying to 'eslam-ashraf-portfolio'...
[info] 
[info] i  deploying hosting 
[debug] [2022-06-17T21:03:25.245Z] >>> [apiv2][query] GET https://firebase.googleapis.com/v1beta1/projects/eslam-ashraf-portfolio [none]
[debug] [2022-06-17T21:03:25.750Z] <<< [apiv2][status] GET https://firebase.googleapis.com/v1beta1/projects/eslam-ashraf-portfolio 200
[debug] [2022-06-17T21:03:25.751Z] <<< [apiv2][body] GET https://firebase.googleapis.com/v1beta1/projects/eslam-ashraf-portfolio {"projectId":"eslam-ashraf-portfolio","projectNumber":"55737942246","displayName":"Eslam Ashraf Portfolio","name":"projects/eslam-ashraf-portfolio","resources":{"hostingSite":"eslam-ashraf-portfolio"},"state":"ACTIVE"}
[debug] [2022-06-17T21:03:25.755Z] >>> [apiv2][query] POST https://firebasehosting.googleapis.com/v1beta1/projects/55737942246/sites/eslam-ashraf-portfolio/versions [none]
[debug] [2022-06-17T21:03:25.755Z] >>> [apiv2][body] POST https://firebasehosting.googleapis.com/v1beta1/projects/55737942246/sites/eslam-ashraf-portfolio/versions {"config":{"rewrites":[{"glob":"**","path":"/index.html"}]},"labels":{"deployment-tool":"cli-firebase"}}
[debug] [2022-06-17T21:03:27.083Z] <<< [apiv2][status] POST https://firebasehosting.googleapis.com/v1beta1/projects/55737942246/sites/eslam-ashraf-portfolio/versions 500
[debug] [2022-06-17T21:03:27.083Z] <<< [apiv2][body] POST https://firebasehosting.googleapis.com/v1beta1/projects/55737942246/sites/eslam-ashraf-portfolio/versions {"error":{"code":500,"message":"Internal error encountered.","status":"INTERNAL"}}
[error] 
[error] Error: HTTP Error: 500, Internal error encountered.
[debug] [2022-06-17T21:03:27.391Z] Error Context: {
  "body": {
    "error": {
      "code": 500,
      "message": "Internal error encountered.",
      "status": "INTERNAL"
    }
  },
  "response": {
    "statusCode": 500
  }
}
[debug] [2022-06-17T21:05:11.541Z] ----------------------------------------------------------------------
[debug] [2022-06-17T21:05:11.544Z] Command:       C:\Program Files\nodejs\node.exe C:\Users\utente\AppData\Roaming\npm\node_modules\firebase-tools\lib\bin\firebase.js deploy
[debug] [2022-06-17T21:05:11.545Z] CLI Version:   11.1.0
[debug] [2022-06-17T21:05:11.545Z] Platform:      win32
[debug] [2022-06-17T21:05:11.546Z] Node Version:  v16.15.1
[debug] [2022-06-17T21:05:11.548Z] Time:          Fri Jun 17 2022 23:05:11 GMT+0200 (Eastern European Standard Time)
[debug] [2022-06-17T21:05:11.549Z] ----------------------------------------------------------------------
[debug] 
[debug] [2022-06-17T21:05:11.682Z] > command requires scopes: ["email","openid","https://www.googleapis.com/auth/cloudplatformprojects.readonly","https://www.googleapis.com/auth/firebase","https://www.googleapis.com/auth/cloud-platform"]
[debug] [2022-06-17T21:05:11.683Z] > authorizing via signed-in user (eslamicoo3@gmail.com)
[debug] [2022-06-17T21:05:11.683Z] [iam] checking project eslam-ashraf-portfolio for permissions ["firebase.projects.get","firebasehosting.sites.update"]
[debug] [2022-06-17T21:05:11.688Z] >>> [apiv2][query] POST https://cloudresourcemanager.googleapis.com/v1/projects/eslam-ashraf-portfolio:testIamPermissions [none]
[debug] [2022-06-17T21:05:11.689Z] >>> [apiv2][body] POST https://cloudresourcemanager.googleapis.com/v1/projects/eslam-ashraf-portfolio:testIamPermissions {"permissions":["firebase.projects.get","firebasehosting.sites.update"]}
[debug] [2022-06-17T21:05:12.672Z] <<< [apiv2][status] POST https://cloudresourcemanager.googleapis.com/v1/projects/eslam-ashraf-portfolio:testIamPermissions 200
[debug] [2022-06-17T21:05:12.672Z] <<< [apiv2][body] POST https://cloudresourcemanager.googleapis.com/v1/projects/eslam-ashraf-portfolio:testIamPermissions {"permissions":["firebase.projects.get","firebasehosting.sites.update"]}
[debug] [2022-06-17T21:05:12.674Z] >>> [apiv2][query] GET https://firebase.googleapis.com/v1beta1/projects/eslam-ashraf-portfolio [none]
[debug] [2022-06-17T21:05:13.275Z] <<< [apiv2][status] GET https://firebase.googleapis.com/v1beta1/projects/eslam-ashraf-portfolio 200
[debug] [2022-06-17T21:05:13.275Z] <<< [apiv2][body] GET https://firebase.googleapis.com/v1beta1/projects/eslam-ashraf-portfolio {"projectId":"eslam-ashraf-portfolio","projectNumber":"55737942246","displayName":"Eslam Ashraf Portfolio","name":"projects/eslam-ashraf-portfolio","resources":{"hostingSite":"eslam-ashraf-portfolio"},"state":"ACTIVE"}
[info] 
[info] === Deploying to 'eslam-ashraf-portfolio'...
[info] 
[info] i  deploying hosting 
[debug] [2022-06-17T21:05:13.285Z] >>> [apiv2][query] GET https://firebase.googleapis.com/v1beta1/projects/eslam-ashraf-portfolio [none]
[debug] [2022-06-17T21:05:13.887Z] <<< [apiv2][status] GET https://firebase.googleapis.com/v1beta1/projects/eslam-ashraf-portfolio 200
[debug] [2022-06-17T21:05:13.887Z] <<< [apiv2][body] GET https://firebase.googleapis.com/v1beta1/projects/eslam-ashraf-portfolio {"projectId":"eslam-ashraf-portfolio","projectNumber":"55737942246","displayName":"Eslam Ashraf Portfolio","name":"projects/eslam-ashraf-portfolio","resources":{"hostingSite":"eslam-ashraf-portfolio"},"state":"ACTIVE"}
[debug] [2022-06-17T21:05:13.892Z] >>> [apiv2][query] POST https://firebasehosting.googleapis.com/v1beta1/projects/55737942246/sites/eslam-ashraf-portfolio/versions [none]
[debug] [2022-06-17T21:05:13.893Z] >>> [apiv2][body] POST https://firebasehosting.googleapis.com/v1beta1/projects/55737942246/sites/eslam-ashraf-portfolio/versions {"config":{"rewrites":[{"glob":"**","path":"/index.html"}]},"labels":{"deployment-tool":"cli-firebase"}}
[debug] [2022-06-17T21:05:15.165Z] <<< [apiv2][status] POST https://firebasehosting.googleapis.com/v1beta1/projects/55737942246/sites/eslam-ashraf-portfolio/versions 500
[debug] [2022-06-17T21:05:15.165Z] <<< [apiv2][body] POST https://firebasehosting.googleapis.com/v1beta1/projects/55737942246/sites/eslam-ashraf-portfolio/versions {"error":{"code":500,"message":"Internal error encountered.","status":"INTERNAL"}}
[error] 
[error] Error: HTTP Error: 500, Internal error encountered.
[debug] [2022-06-17T21:05:15.395Z] Error Context: {
  "body": {
    "error": {
      "code": 500,
      "message": "Internal error encountered.",
      "status": "INTERNAL"
    }
  },
  "response": {
    "statusCode": 500
  }
}
[debug] [2022-06-17T21:06:02.146Z] ----------------------------------------------------------------------
[debug] [2022-06-17T21:06:02.155Z] Command:       C:\Program Files\nodejs\node.exe C:\Users\utente\AppData\Roaming\npm\node_modules\firebase-tools\lib\bin\firebase.js deploy
[debug] [2022-06-17T21:06:02.157Z] CLI Version:   11.1.0
[debug] [2022-06-17T21:06:02.158Z] Platform:      win32
[debug] [2022-06-17T21:06:02.158Z] Node Version:  v16.15.1
[debug] [2022-06-17T21:06:02.162Z] Time:          Fri Jun 17 2022 23:06:02 GMT+0200 (Eastern European Standard Time)
[debug] [2022-06-17T21:06:02.163Z] ----------------------------------------------------------------------
[debug] 
[debug] [2022-06-17T21:06:02.332Z] > command requires scopes: ["email","openid","https://www.googleapis.com/auth/cloudplatformprojects.readonly","https://www.googleapis.com/auth/firebase","https://www.googleapis.com/auth/cloud-platform"]
[debug] [2022-06-17T21:06:02.333Z] > authorizing via signed-in user (eslamicoo3@gmail.com)
[debug] [2022-06-17T21:06:02.334Z] [iam] checking project eslam-ashraf-portfolio for permissions ["firebase.projects.get","firebasehosting.sites.update"]
[debug] [2022-06-17T21:06:02.340Z] >>> [apiv2][query] POST https://cloudresourcemanager.googleapis.com/v1/projects/eslam-ashraf-portfolio:testIamPermissions [none]
[debug] [2022-06-17T21:06:02.341Z] >>> [apiv2][body] POST https://cloudresourcemanager.googleapis.com/v1/projects/eslam-ashraf-portfolio:testIamPermissions {"permissions":["firebase.projects.get","firebasehosting.sites.update"]}
[debug] [2022-06-17T21:06:03.424Z] <<< [apiv2][status] POST https://cloudresourcemanager.googleapis.com/v1/projects/eslam-ashraf-portfolio:testIamPermissions 200
[debug] [2022-06-17T21:06:03.424Z] <<< [apiv2][body] POST https://cloudresourcemanager.googleapis.com/v1/projects/eslam-ashraf-portfolio:testIamPermissions {"permissions":["firebase.projects.get","firebasehosting.sites.update"]}
[debug] [2022-06-17T21:06:03.426Z] >>> [apiv2][query] GET https://firebase.googleapis.com/v1beta1/projects/eslam-ashraf-portfolio [none]
[debug] [2022-06-17T21:06:03.828Z] <<< [apiv2][status] GET https://firebase.googleapis.com/v1beta1/projects/eslam-ashraf-portfolio 200
[debug] [2022-06-17T21:06:03.828Z] <<< [apiv2][body] GET https://firebase.googleapis.com/v1beta1/projects/eslam-ashraf-portfolio {"projectId":"eslam-ashraf-portfolio","projectNumber":"55737942246","displayName":"Eslam Ashraf Portfolio","name":"projects/eslam-ashraf-portfolio","resources":{"hostingSite":"eslam-ashraf-portfolio"},"state":"ACTIVE"}
[info] 
[info] === Deploying to 'eslam-ashraf-portfolio'...
[info] 
[info] i  deploying hosting 
[debug] [2022-06-17T21:06:03.839Z] >>> [apiv2][query] GET https://firebase.googleapis.com/v1beta1/projects/eslam-ashraf-portfolio [none]
[debug] [2022-06-17T21:06:04.261Z] <<< [apiv2][status] GET https://firebase.googleapis.com/v1beta1/projects/eslam-ashraf-portfolio 200
[debug] [2022-06-17T21:06:04.262Z] <<< [apiv2][body] GET https://firebase.googleapis.com/v1beta1/projects/eslam-ashraf-portfolio {"projectId":"eslam-ashraf-portfolio","projectNumber":"55737942246","displayName":"Eslam Ashraf Portfolio","name":"projects/eslam-ashraf-portfolio","resources":{"hostingSite":"eslam-ashraf-portfolio"},"state":"ACTIVE"}
[debug] [2022-06-17T21:06:04.265Z] >>> [apiv2][query] POST https://firebasehosting.googleapis.com/v1beta1/projects/55737942246/sites/eslam-ashraf-portfolio/versions [none]
[debug] [2022-06-17T21:06:04.265Z] >>> [apiv2][body] POST https://firebasehosting.googleapis.com/v1beta1/projects/55737942246/sites/eslam-ashraf-portfolio/versions {"config":{"rewrites":[{"glob":"**","path":"/index.html"}]},"labels":{"deployment-tool":"cli-firebase"}}
[debug] [2022-06-17T21:06:05.464Z] <<< [apiv2][status] POST https://firebasehosting.googleapis.com/v1beta1/projects/55737942246/sites/eslam-ashraf-portfolio/versions 500
[debug] [2022-06-17T21:06:05.464Z] <<< [apiv2][body] POST https://firebasehosting.googleapis.com/v1beta1/projects/55737942246/sites/eslam-ashraf-portfolio/versions {"error":{"code":500,"message":"Internal error encountered.","status":"INTERNAL"}}
[error] 
[error] Error: HTTP Error: 500, Internal error encountered.
[debug] [2022-06-17T21:06:05.749Z] Error Context: {
  "body": {
    "error": {
      "code": 500,
      "message": "Internal error encountered.",
      "status": "INTERNAL"
    }
  },
  "response": {
    "statusCode": 500
  }
}
[debug] [2022-06-17T21:07:49.171Z] ----------------------------------------------------------------------
[debug] [2022-06-17T21:07:49.174Z] Command:       C:\Program Files\nodejs\node.exe C:\Users\utente\AppData\Roaming\npm\node_modules\firebase-tools\lib\bin\firebase.js deploy
[debug] [2022-06-17T21:07:49.175Z] CLI Version:   11.1.0
[debug] [2022-06-17T21:07:49.176Z] Platform:      win32
[debug] [2022-06-17T21:07:49.176Z] Node Version:  v16.15.1
[debug] [2022-06-17T21:07:49.178Z] Time:          Fri Jun 17 2022 23:07:49 GMT+0200 (Eastern European Standard Time)
[debug] [2022-06-17T21:07:49.179Z] ----------------------------------------------------------------------
[debug] 
[debug] [2022-06-17T21:07:49.302Z] > command requires scopes: ["email","openid","https://www.googleapis.com/auth/cloudplatformprojects.readonly","https://www.googleapis.com/auth/firebase","https://www.googleapis.com/auth/cloud-platform"]
[debug] [2022-06-17T21:07:49.303Z] > authorizing via signed-in user (eslamicoo3@gmail.com)
[debug] [2022-06-17T21:07:49.303Z] [iam] checking project eslam-ashraf-portfolio for permissions ["firebase.projects.get","firebasehosting.sites.update"]
[debug] [2022-06-17T21:07:49.307Z] >>> [apiv2][query] POST https://cloudresourcemanager.googleapis.com/v1/projects/eslam-ashraf-portfolio:testIamPermissions [none]
[debug] [2022-06-17T21:07:49.308Z] >>> [apiv2][body] POST https://cloudresourcemanager.googleapis.com/v1/projects/eslam-ashraf-portfolio:testIamPermissions {"permissions":["firebase.projects.get","firebasehosting.sites.update"]}
[debug] [2022-06-17T21:07:50.271Z] <<< [apiv2][status] POST https://cloudresourcemanager.googleapis.com/v1/projects/eslam-ashraf-portfolio:testIamPermissions 200
[debug] [2022-06-17T21:07:50.272Z] <<< [apiv2][body] POST https://cloudresourcemanager.googleapis.com/v1/projects/eslam-ashraf-portfolio:testIamPermissions {"permissions":["firebase.projects.get","firebasehosting.sites.update"]}
[debug] [2022-06-17T21:07:50.274Z] >>> [apiv2][query] GET https://firebase.googleapis.com/v1beta1/projects/eslam-ashraf-portfolio [none]
[debug] [2022-06-17T21:07:50.807Z] <<< [apiv2][status] GET https://firebase.googleapis.com/v1beta1/projects/eslam-ashraf-portfolio 200
[debug] [2022-06-17T21:07:50.807Z] <<< [apiv2][body] GET https://firebase.googleapis.com/v1beta1/projects/eslam-ashraf-portfolio {"projectId":"eslam-ashraf-portfolio","projectNumber":"55737942246","displayName":"Eslam Ashraf Portfolio","name":"projects/eslam-ashraf-portfolio","resources":{"hostingSite":"eslam-ashraf-portfolio"},"state":"ACTIVE"}
[info] 
[info] === Deploying to 'eslam-ashraf-portfolio'...
[info] 
[info] i  deploying hosting 
[debug] [2022-06-17T21:07:50.834Z] >>> [apiv2][query] GET https://firebase.googleapis.com/v1beta1/projects/eslam-ashraf-portfolio [none]
[debug] [2022-06-17T21:07:51.387Z] <<< [apiv2][status] GET https://firebase.googleapis.com/v1beta1/projects/eslam-ashraf-portfolio 200
[debug] [2022-06-17T21:07:51.388Z] <<< [apiv2][body] GET https://firebase.googleapis.com/v1beta1/projects/eslam-ashraf-portfolio {"projectId":"eslam-ashraf-portfolio","projectNumber":"55737942246","displayName":"Eslam Ashraf Portfolio","name":"projects/eslam-ashraf-portfolio","resources":{"hostingSite":"eslam-ashraf-portfolio"},"state":"ACTIVE"}
[debug] [2022-06-17T21:07:51.393Z] >>> [apiv2][query] POST https://firebasehosting.googleapis.com/v1beta1/projects/55737942246/sites/eslam-ashraf-portfolio/versions [none]
[debug] [2022-06-17T21:07:51.394Z] >>> [apiv2][body] POST https://firebasehosting.googleapis.com/v1beta1/projects/55737942246/sites/eslam-ashraf-portfolio/versions {"config":{"rewrites":[{"glob":"**","path":"/index.html"}]},"labels":{"deployment-tool":"cli-firebase"}}
[debug] [2022-06-17T21:07:52.718Z] <<< [apiv2][status] POST https://firebasehosting.googleapis.com/v1beta1/projects/55737942246/sites/eslam-ashraf-portfolio/versions 500
[debug] [2022-06-17T21:07:52.718Z] <<< [apiv2][body] POST https://firebasehosting.googleapis.com/v1beta1/projects/55737942246/sites/eslam-ashraf-portfolio/versions {"error":{"code":500,"message":"Internal error encountered.","status":"INTERNAL"}}
[error] 
[error] Error: HTTP Error: 500, Internal error encountered.
[debug] [2022-06-17T21:07:53.028Z] Error Context: {
  "body": {
    "error": {
      "code": 500,
      "message": "Internal error encountered.",
      "status": "INTERNAL"
    }
  },
  "response": {
    "statusCode": 500
  }
}
